<?xml version="1.0" encoding="UTF-8"?>
<!-- Generated by org.testng.reporters.JUnitXMLReporter -->
<testsuite ignored="0" hostname="IN-5CG1376TYZ" failures="1" tests="7" name="Regression Testing Cycle 1" time="55.637" errors="0" timestamp="2024-06-14T08:21:29 IST">
  <testcase classname="testNGFramework.Facebook" name="ts1" time="0.197">
    <failure type="java.lang.AssertionError" message="The following asserts failed:
	expected [false] but found [true]">
      <![CDATA[java.lang.AssertionError: The following asserts failed:
expected [false] but found [true]
at testNGFramework.Facebook.ts1(Facebook.java:51)
at java.base/java.util.ArrayList.forEach(ArrayList.java:1511)
... Removed 29 stack frames]]>
    </failure>
  </testcase> <!-- ts1 -->
  <testcase classname="testNGFramework.Facebook" name="ts2" time="0.065"/>
  <testcase classname="testNGFramework.Facebook" name="ts3" time="0.07"/>
  <testcase classname="testNGFramework.Facebook" name="ts4" time="2.377"/>
  <testcase classname="testNGFramework.DatapProviderFB" name="loginCredentialValidation" time="2.292"/>
  <testcase classname="testNGFramework.DatapProviderFB" name="loginCredentialValidation" time="2.365"/>
  <testcase classname="testNGFramework.DatapProviderFB" name="loginCredentialValidation" time="2.444"/>
</testsuite> <!-- Regression Testing Cycle 1 -->
